<?xml version="1.0" encoding="UTF-8"?>
<!-- Generated by org.testng.reporters.JUnitReportReporter -->
<testsuite hostname="Siranjeevis-MacBook-Pro.local" failures="0" tests="1" name="siranjeevis.Appium.AppiumBasics" time="2.754" errors="0" timestamp="2024-12-06T00:57:43 IST" skipped="0">
  <testcase classname="siranjeevis.Appium.AppiumBasics" name="wifi" time="2.754"/>
</testsuite> <!-- siranjeevis.Appium.AppiumBasics -->
